[進化] 電卓機能 -> 電卓.py
[進化] お絵描き -> お絵描き.py
[進化] 電卓機能 -> 電卓.py
[進化] 電卓 -> 電卓.py
[進化] ToDoリスト -> ToDoリスト.py
[進化] 電卓機能 -> 電卓.py
[進化] ToDoリスト -> ToDoリスト.py
[進化] 電卓機能 -> 電卓.py
[進化] お絵描き機能 -> お絵描き.py
[進化] 電卓機能 -> 電卓.py
[進化] 斜方投射のシミュレーション -> 斜方投射のシミュレーション.py
[進化] ToDo リスト -> ToDo.py
[進化] 斜方投射シミュレーション -> 斜方投射シミュレーション.py
[進化] 斜方投射シミュレーション -> 斜方投射シミュレーション.py
[進化] 風の影響も考慮した斜方投射シミュレーション -> 風の影響も考慮した斜方投射シミュレーション.py
[進化] ToDo -> ToDo.py
[進化] 斜方投射 -> 斜方投射.py
[進化] 斜方投射シミュレーション -> 斜方投射シミュレーション.py
[進化] お絵描き -> お絵描き.py
[進化] 風の影響を考慮した斜方投射シミュレーション -> 風の影響を考慮した斜方投射シミュレーション.py
[進化] 風の影響を考慮した斜方投射シミュレーション -> 風の影響を考慮した斜方投射シミュレーション.py
[進化] 風の影響を考慮した 斜方投射シミュレーション -> 風の影響を考慮した.py
[進化] 量子力学シミュレーション -> 量子力学シミュレーション.py
[進化] 風の影響を考慮した斜方投射シミュレーション -> 風の影響を考慮した斜方投射シミュレーション.py
[進化] メモ帳 -> メモ帳.py
[進化] ToDO -> ToDO.py
[進化] 量子力学シミュレーション -> 量子力学シミュレーション.py
[進化] 斜方投射シミュレーション -> 斜方投射シミュレーション.py
